The system is: Linux - 4.15.0-112-generic - x86_64
Compiling the C compiler identification source file "CMakeCCompilerId.c" succeeded.
Compiler: /opt/supernemo/bin/gcc-7 
Build flags: -Os;-w;-pipe;-march=native
Id flags:  

The output was:
0


Compilation of the C compiler identification source "CMakeCCompilerId.c" produced "a.out"

The C compiler identification is GNU, found in "/home/mireq-utef/SNEMO/MiModule_v1.1.0/build/CMakeFiles/3.13.4/CompilerIdC/a.out"

Compiling the CXX compiler identification source file "CMakeCXXCompilerId.cpp" succeeded.
Compiler: /opt/supernemo/bin/g++-7 -std=c++11
Build flags: -Os;-w;-pipe;-march=native
Id flags:  

The output was:
0


Compilation of the CXX compiler identification source "CMakeCXXCompilerId.cpp" produced "a.out"

The CXX compiler identification is GNU, found in "/home/mireq-utef/SNEMO/MiModule_v1.1.0/build/CMakeFiles/3.13.4/CompilerIdCXX/a.out"

Determining if the C compiler works passed with the following output:
Change Dir: /home/mireq-utef/SNEMO/MiModule_v1.1.0/build/CMakeFiles/CMakeTmp

Run Build Command:"/usr/bin/gmake" "cmTC_356e3/fast"
/usr/bin/gmake -f CMakeFiles/cmTC_356e3.dir/build.make CMakeFiles/cmTC_356e3.dir/build
gmake[1]: Entering directory `/home/mireq-utef/SNEMO/MiModule_v1.1.0/build/CMakeFiles/CMakeTmp'
Building C object CMakeFiles/cmTC_356e3.dir/testCCompiler.c.o
/opt/supernemo/bin/gcc-7   -Os -w -pipe -march=native    -o CMakeFiles/cmTC_356e3.dir/testCCompiler.c.o   -c /home/mireq-utef/SNEMO/MiModule_v1.1.0/build/CMakeFiles/CMakeTmp/testCCompiler.c
Linking C executable cmTC_356e3
/opt/supernemo/Cellar/cmake/3.13.4/bin/cmake -E cmake_link_script CMakeFiles/cmTC_356e3.dir/link.txt --verbose=1
/opt/supernemo/bin/gcc-7 -Os -w -pipe -march=native   -Wl,--dynamic-linker=/opt/supernemo/lib/ld.so -Wl,-rpath=/opt/supernemo/lib -L/opt/supernemo/lib  -rdynamic CMakeFiles/cmTC_356e3.dir/testCCompiler.c.o  -o cmTC_356e3 
gmake[1]: Leaving directory `/home/mireq-utef/SNEMO/MiModule_v1.1.0/build/CMakeFiles/CMakeTmp'


Detecting C compiler ABI info compiled with the following output:
Change Dir: /home/mireq-utef/SNEMO/MiModule_v1.1.0/build/CMakeFiles/CMakeTmp

Run Build Command:"/usr/bin/gmake" "cmTC_dbb20/fast"
/usr/bin/gmake -f CMakeFiles/cmTC_dbb20.dir/build.make CMakeFiles/cmTC_dbb20.dir/build
gmake[1]: Entering directory `/home/mireq-utef/SNEMO/MiModule_v1.1.0/build/CMakeFiles/CMakeTmp'
Building C object CMakeFiles/cmTC_dbb20.dir/CMakeCCompilerABI.c.o
/opt/supernemo/bin/gcc-7   -Os -w -pipe -march=native    -o CMakeFiles/cmTC_dbb20.dir/CMakeCCompilerABI.c.o   -c /opt/supernemo/Cellar/cmake/3.13.4/share/cmake/Modules/CMakeCCompilerABI.c
Linking C executable cmTC_dbb20
/opt/supernemo/Cellar/cmake/3.13.4/bin/cmake -E cmake_link_script CMakeFiles/cmTC_dbb20.dir/link.txt --verbose=1
/opt/supernemo/bin/gcc-7 -Os -w -pipe -march=native   -Wl,--dynamic-linker=/opt/supernemo/lib/ld.so -Wl,-rpath=/opt/supernemo/lib -L/opt/supernemo/lib -v -rdynamic CMakeFiles/cmTC_dbb20.dir/CMakeCCompilerABI.c.o  -o cmTC_dbb20 
Reading specs from /opt/supernemo/Cellar/gcc@7/7.4.0/lib/gcc/7/gcc/x86_64-pc-linux-gnu/7.4.0/specs
COLLECT_GCC=/opt/supernemo/bin/gcc-7
COLLECT_LTO_WRAPPER=/opt/supernemo/Cellar/gcc@7/7.4.0/libexec/gcc/x86_64-pc-linux-gnu/7.4.0/lto-wrapper
Target: x86_64-pc-linux-gnu
Configured with: ../configure --with-bugurl=https://github.com/Linuxbrew/homebrew-core/issues --disable-multilib --prefix=/opt/supernemo/Cellar/gcc@7/7.4.0 --libdir=/opt/supernemo/Cellar/gcc@7/7.4.0/lib/gcc/7 --enable-languages=c,c++,objc,obj-c++,fortran --program-suffix=-7 --with-gmp=/opt/supernemo/opt/gmp --with-mpfr=/opt/supernemo/opt/mpfr --with-mpc=/opt/supernemo/opt/libmpc --with-isl=/opt/supernemo/opt/isl --enable-checking=release --with-pkgversion='Homebrew GCC 7.4.0 --without-glibc' --disable-nls
Thread model: posix
gcc version 7.4.0 (Homebrew GCC 7.4.0 --without-glibc) 
COMPILER_PATH=/opt/supernemo/Cellar/gcc@7/7.4.0/libexec/gcc/x86_64-pc-linux-gnu/7.4.0/:/opt/supernemo/Cellar/gcc@7/7.4.0/libexec/gcc/x86_64-pc-linux-gnu/7.4.0/:/opt/supernemo/Cellar/gcc@7/7.4.0/libexec/gcc/x86_64-pc-linux-gnu/:/opt/supernemo/Cellar/gcc@7/7.4.0/lib/gcc/7/gcc/x86_64-pc-linux-gnu/7.4.0/:/opt/supernemo/Cellar/gcc@7/7.4.0/lib/gcc/7/gcc/x86_64-pc-linux-gnu/
LIBRARY_PATH=/opt/supernemo/lib/:/opt/supernemo/Cellar/gcc@7/7.4.0/lib/gcc/7/gcc/x86_64-pc-linux-gnu/7.4.0/:/opt/supernemo/Cellar/gcc@7/7.4.0/lib/gcc/7/gcc/x86_64-pc-linux-gnu/7.4.0/../../../:/lib/:/usr/lib/
COLLECT_GCC_OPTIONS='-Os' '-w' '-pipe' '-march=native' '-L/opt/supernemo/lib' '-v' '-rdynamic' '-o' 'cmTC_dbb20'
 /opt/supernemo/Cellar/gcc@7/7.4.0/libexec/gcc/x86_64-pc-linux-gnu/7.4.0/collect2 -plugin /opt/supernemo/Cellar/gcc@7/7.4.0/libexec/gcc/x86_64-pc-linux-gnu/7.4.0/liblto_plugin.so -plugin-opt=/opt/supernemo/Cellar/gcc@7/7.4.0/libexec/gcc/x86_64-pc-linux-gnu/7.4.0/lto-wrapper -plugin-opt=-fresolution=/tmp/ccEyAUTR.res -plugin-opt=-pass-through=-lgcc -plugin-opt=-pass-through=-lgcc_s -plugin-opt=-pass-through=-lc -plugin-opt=-pass-through=-lgcc -plugin-opt=-pass-through=-lgcc_s --eh-frame-hdr -m elf_x86_64 -export-dynamic -dynamic-linker /lib64/ld-linux-x86-64.so.2 --dynamic-linker /opt/supernemo/lib/ld.so -rpath /opt/supernemo/lib/gcc/7 -rpath /opt/supernemo/lib -o cmTC_dbb20 /opt/supernemo/Cellar/gcc@7/7.4.0/lib/gcc/7/gcc/x86_64-pc-linux-gnu/7.4.0/crt1.o /opt/supernemo/Cellar/gcc@7/7.4.0/lib/gcc/7/gcc/x86_64-pc-linux-gnu/7.4.0/crti.o /opt/supernemo/Cellar/gcc@7/7.4.0/lib/gcc/7/gcc/x86_64-pc-linux-gnu/7.4.0/crtbegin.o -L/opt/supernemo/lib -L/opt/supernemo/lib -L/opt/supernemo/Cellar/gcc@7/7.4.0/lib/gcc/7/gcc/x86_64-pc-linux-gnu/7.4.0 -L/opt/supernemo/Cellar/gcc@7/7.4.0/lib/gcc/7/gcc/x86_64-pc-linux-gnu/7.4.0/../../.. -L/opt/supernemo/lib/gcc/7 -L/opt/supernemo/lib --dynamic-linker=/opt/supernemo/lib/ld.so -rpath=/opt/supernemo/lib CMakeFiles/cmTC_dbb20.dir/CMakeCCompilerABI.c.o -lgcc --as-needed -lgcc_s --no-as-needed -lc -lgcc --as-needed -lgcc_s --no-as-needed /opt/supernemo/Cellar/gcc@7/7.4.0/lib/gcc/7/gcc/x86_64-pc-linux-gnu/7.4.0/crtend.o /opt/supernemo/Cellar/gcc@7/7.4.0/lib/gcc/7/gcc/x86_64-pc-linux-gnu/7.4.0/crtn.o
COLLECT_GCC_OPTIONS='-Os' '-w' '-pipe' '-march=native' '-L/opt/supernemo/lib' '-v' '-rdynamic' '-o' 'cmTC_dbb20'
gmake[1]: Leaving directory `/home/mireq-utef/SNEMO/MiModule_v1.1.0/build/CMakeFiles/CMakeTmp'


Parsed C implicit link information from above output:
  link line regex: [^( *|.*[/\])(ld|CMAKE_LINK_STARTFILE-NOTFOUND|([^/\]+-)?ld|collect2)[^/\]*( |$)]
  ignore line: [Change Dir: /home/mireq-utef/SNEMO/MiModule_v1.1.0/build/CMakeFiles/CMakeTmp]
  ignore line: []
  ignore line: [Run Build Command:"/usr/bin/gmake" "cmTC_dbb20/fast"]
  ignore line: [/usr/bin/gmake -f CMakeFiles/cmTC_dbb20.dir/build.make CMakeFiles/cmTC_dbb20.dir/build]
  ignore line: [gmake[1]: Entering directory `/home/mireq-utef/SNEMO/MiModule_v1.1.0/build/CMakeFiles/CMakeTmp']
  ignore line: [Building C object CMakeFiles/cmTC_dbb20.dir/CMakeCCompilerABI.c.o]
  ignore line: [/opt/supernemo/bin/gcc-7   -Os -w -pipe -march=native    -o CMakeFiles/cmTC_dbb20.dir/CMakeCCompilerABI.c.o   -c /opt/supernemo/Cellar/cmake/3.13.4/share/cmake/Modules/CMakeCCompilerABI.c]
  ignore line: [Linking C executable cmTC_dbb20]
  ignore line: [/opt/supernemo/Cellar/cmake/3.13.4/bin/cmake -E cmake_link_script CMakeFiles/cmTC_dbb20.dir/link.txt --verbose=1]
  ignore line: [/opt/supernemo/bin/gcc-7 -Os -w -pipe -march=native   -Wl,--dynamic-linker=/opt/supernemo/lib/ld.so -Wl,-rpath=/opt/supernemo/lib -L/opt/supernemo/lib -v -rdynamic CMakeFiles/cmTC_dbb20.dir/CMakeCCompilerABI.c.o  -o cmTC_dbb20 ]
  ignore line: [Reading specs from /opt/supernemo/Cellar/gcc@7/7.4.0/lib/gcc/7/gcc/x86_64-pc-linux-gnu/7.4.0/specs]
  ignore line: [COLLECT_GCC=/opt/supernemo/bin/gcc-7]
  ignore line: [COLLECT_LTO_WRAPPER=/opt/supernemo/Cellar/gcc@7/7.4.0/libexec/gcc/x86_64-pc-linux-gnu/7.4.0/lto-wrapper]
  ignore line: [Target: x86_64-pc-linux-gnu]
  ignore line: [Configured with: ../configure --with-bugurl=https://github.com/Linuxbrew/homebrew-core/issues --disable-multilib --prefix=/opt/supernemo/Cellar/gcc@7/7.4.0 --libdir=/opt/supernemo/Cellar/gcc@7/7.4.0/lib/gcc/7 --enable-languages=c,c++,objc,obj-c++,fortran --program-suffix=-7 --with-gmp=/opt/supernemo/opt/gmp --with-mpfr=/opt/supernemo/opt/mpfr --with-mpc=/opt/supernemo/opt/libmpc --with-isl=/opt/supernemo/opt/isl --enable-checking=release --with-pkgversion='Homebrew GCC 7.4.0 --without-glibc' --disable-nls]
  ignore line: [Thread model: posix]
  ignore line: [gcc version 7.4.0 (Homebrew GCC 7.4.0 --without-glibc) ]
  ignore line: [COMPILER_PATH=/opt/supernemo/Cellar/gcc@7/7.4.0/libexec/gcc/x86_64-pc-linux-gnu/7.4.0/:/opt/supernemo/Cellar/gcc@7/7.4.0/libexec/gcc/x86_64-pc-linux-gnu/7.4.0/:/opt/supernemo/Cellar/gcc@7/7.4.0/libexec/gcc/x86_64-pc-linux-gnu/:/opt/supernemo/Cellar/gcc@7/7.4.0/lib/gcc/7/gcc/x86_64-pc-linux-gnu/7.4.0/:/opt/supernemo/Cellar/gcc@7/7.4.0/lib/gcc/7/gcc/x86_64-pc-linux-gnu/]
  ignore line: [LIBRARY_PATH=/opt/supernemo/lib/:/opt/supernemo/Cellar/gcc@7/7.4.0/lib/gcc/7/gcc/x86_64-pc-linux-gnu/7.4.0/:/opt/supernemo/Cellar/gcc@7/7.4.0/lib/gcc/7/gcc/x86_64-pc-linux-gnu/7.4.0/../../../:/lib/:/usr/lib/]
  ignore line: [COLLECT_GCC_OPTIONS='-Os' '-w' '-pipe' '-march=native' '-L/opt/supernemo/lib' '-v' '-rdynamic' '-o' 'cmTC_dbb20']
  link line: [ /opt/supernemo/Cellar/gcc@7/7.4.0/libexec/gcc/x86_64-pc-linux-gnu/7.4.0/collect2 -plugin /opt/supernemo/Cellar/gcc@7/7.4.0/libexec/gcc/x86_64-pc-linux-gnu/7.4.0/liblto_plugin.so -plugin-opt=/opt/supernemo/Cellar/gcc@7/7.4.0/libexec/gcc/x86_64-pc-linux-gnu/7.4.0/lto-wrapper -plugin-opt=-fresolution=/tmp/ccEyAUTR.res -plugin-opt=-pass-through=-lgcc -plugin-opt=-pass-through=-lgcc_s -plugin-opt=-pass-through=-lc -plugin-opt=-pass-through=-lgcc -plugin-opt=-pass-through=-lgcc_s --eh-frame-hdr -m elf_x86_64 -export-dynamic -dynamic-linker /lib64/ld-linux-x86-64.so.2 --dynamic-linker /opt/supernemo/lib/ld.so -rpath /opt/supernemo/lib/gcc/7 -rpath /opt/supernemo/lib -o cmTC_dbb20 /opt/supernemo/Cellar/gcc@7/7.4.0/lib/gcc/7/gcc/x86_64-pc-linux-gnu/7.4.0/crt1.o /opt/supernemo/Cellar/gcc@7/7.4.0/lib/gcc/7/gcc/x86_64-pc-linux-gnu/7.4.0/crti.o /opt/supernemo/Cellar/gcc@7/7.4.0/lib/gcc/7/gcc/x86_64-pc-linux-gnu/7.4.0/crtbegin.o -L/opt/supernemo/lib -L/opt/supernemo/lib -L/opt/supernemo/Cellar/gcc@7/7.4.0/lib/gcc/7/gcc/x86_64-pc-linux-gnu/7.4.0 -L/opt/supernemo/Cellar/gcc@7/7.4.0/lib/gcc/7/gcc/x86_64-pc-linux-gnu/7.4.0/../../.. -L/opt/supernemo/lib/gcc/7 -L/opt/supernemo/lib --dynamic-linker=/opt/supernemo/lib/ld.so -rpath=/opt/supernemo/lib CMakeFiles/cmTC_dbb20.dir/CMakeCCompilerABI.c.o -lgcc --as-needed -lgcc_s --no-as-needed -lc -lgcc --as-needed -lgcc_s --no-as-needed /opt/supernemo/Cellar/gcc@7/7.4.0/lib/gcc/7/gcc/x86_64-pc-linux-gnu/7.4.0/crtend.o /opt/supernemo/Cellar/gcc@7/7.4.0/lib/gcc/7/gcc/x86_64-pc-linux-gnu/7.4.0/crtn.o]
    arg [/opt/supernemo/Cellar/gcc@7/7.4.0/libexec/gcc/x86_64-pc-linux-gnu/7.4.0/collect2] ==> ignore
    arg [-plugin] ==> ignore
    arg [/opt/supernemo/Cellar/gcc@7/7.4.0/libexec/gcc/x86_64-pc-linux-gnu/7.4.0/liblto_plugin.so] ==> ignore
    arg [-plugin-opt=/opt/supernemo/Cellar/gcc@7/7.4.0/libexec/gcc/x86_64-pc-linux-gnu/7.4.0/lto-wrapper] ==> ignore
    arg [-plugin-opt=-fresolution=/tmp/ccEyAUTR.res] ==> ignore
    arg [-plugin-opt=-pass-through=-lgcc] ==> ignore
    arg [-plugin-opt=-pass-through=-lgcc_s] ==> ignore
    arg [-plugin-opt=-pass-through=-lc] ==> ignore
    arg [-plugin-opt=-pass-through=-lgcc] ==> ignore
    arg [-plugin-opt=-pass-through=-lgcc_s] ==> ignore
    arg [--eh-frame-hdr] ==> ignore
    arg [-m] ==> ignore
    arg [elf_x86_64] ==> ignore
    arg [-export-dynamic] ==> ignore
    arg [-dynamic-linker] ==> ignore
    arg [/lib64/ld-linux-x86-64.so.2] ==> ignore
    arg [--dynamic-linker] ==> ignore
    arg [/opt/supernemo/lib/ld.so] ==> ignore
    arg [-rpath] ==> ignore
    arg [/opt/supernemo/lib/gcc/7] ==> ignore
    arg [-rpath] ==> ignore
    arg [/opt/supernemo/lib] ==> ignore
    arg [-o] ==> ignore
    arg [cmTC_dbb20] ==> ignore
    arg [/opt/supernemo/Cellar/gcc@7/7.4.0/lib/gcc/7/gcc/x86_64-pc-linux-gnu/7.4.0/crt1.o] ==> ignore
    arg [/opt/supernemo/Cellar/gcc@7/7.4.0/lib/gcc/7/gcc/x86_64-pc-linux-gnu/7.4.0/crti.o] ==> ignore
    arg [/opt/supernemo/Cellar/gcc@7/7.4.0/lib/gcc/7/gcc/x86_64-pc-linux-gnu/7.4.0/crtbegin.o] ==> ignore
    arg [-L/opt/supernemo/lib] ==> dir [/opt/supernemo/lib]
    arg [-L/opt/supernemo/lib] ==> dir [/opt/supernemo/lib]
    arg [-L/opt/supernemo/Cellar/gcc@7/7.4.0/lib/gcc/7/gcc/x86_64-pc-linux-gnu/7.4.0] ==> dir [/opt/supernemo/Cellar/gcc@7/7.4.0/lib/gcc/7/gcc/x86_64-pc-linux-gnu/7.4.0]
    arg [-L/opt/supernemo/Cellar/gcc@7/7.4.0/lib/gcc/7/gcc/x86_64-pc-linux-gnu/7.4.0/../../..] ==> dir [/opt/supernemo/Cellar/gcc@7/7.4.0/lib/gcc/7/gcc/x86_64-pc-linux-gnu/7.4.0/../../..]
    arg [-L/opt/supernemo/lib/gcc/7] ==> dir [/opt/supernemo/lib/gcc/7]
    arg [-L/opt/supernemo/lib] ==> dir [/opt/supernemo/lib]
    arg [--dynamic-linker=/opt/supernemo/lib/ld.so] ==> ignore
    arg [-rpath=/opt/supernemo/lib] ==> ignore
    arg [CMakeFiles/cmTC_dbb20.dir/CMakeCCompilerABI.c.o] ==> ignore
    arg [-lgcc] ==> lib [gcc]
    arg [--as-needed] ==> ignore
    arg [-lgcc_s] ==> lib [gcc_s]
    arg [--no-as-needed] ==> ignore
    arg [-lc] ==> lib [c]
    arg [-lgcc] ==> lib [gcc]
    arg [--as-needed] ==> ignore
    arg [-lgcc_s] ==> lib [gcc_s]
    arg [--no-as-needed] ==> ignore
    arg [/opt/supernemo/Cellar/gcc@7/7.4.0/lib/gcc/7/gcc/x86_64-pc-linux-gnu/7.4.0/crtend.o] ==> ignore
    arg [/opt/supernemo/Cellar/gcc@7/7.4.0/lib/gcc/7/gcc/x86_64-pc-linux-gnu/7.4.0/crtn.o] ==> ignore
  collapse library dir [/opt/supernemo/lib] ==> [/opt/supernemo/lib]
  collapse library dir [/opt/supernemo/lib] ==> [/opt/supernemo/lib]
  collapse library dir [/opt/supernemo/Cellar/gcc@7/7.4.0/lib/gcc/7/gcc/x86_64-pc-linux-gnu/7.4.0] ==> [/opt/supernemo/Cellar/gcc@7/7.4.0/lib/gcc/7/gcc/x86_64-pc-linux-gnu/7.4.0]
  collapse library dir [/opt/supernemo/Cellar/gcc@7/7.4.0/lib/gcc/7/gcc/x86_64-pc-linux-gnu/7.4.0/../../..] ==> [/opt/supernemo/Cellar/gcc@7/7.4.0/lib/gcc/7]
  collapse library dir [/opt/supernemo/lib/gcc/7] ==> [/opt/supernemo/lib/gcc/7]
  collapse library dir [/opt/supernemo/lib] ==> [/opt/supernemo/lib]
  implicit libs: [gcc;gcc_s;c;gcc;gcc_s]
  implicit dirs: [/opt/supernemo/lib;/opt/supernemo/Cellar/gcc@7/7.4.0/lib/gcc/7/gcc/x86_64-pc-linux-gnu/7.4.0;/opt/supernemo/Cellar/gcc@7/7.4.0/lib/gcc/7;/opt/supernemo/lib/gcc/7]
  implicit fwks: []




Detecting C [-std=c11] compiler features compiled with the following output:
Change Dir: /home/mireq-utef/SNEMO/MiModule_v1.1.0/build/CMakeFiles/CMakeTmp

Run Build Command:"/usr/bin/gmake" "cmTC_14c76/fast"
/usr/bin/gmake -f CMakeFiles/cmTC_14c76.dir/build.make CMakeFiles/cmTC_14c76.dir/build
gmake[1]: Entering directory `/home/mireq-utef/SNEMO/MiModule_v1.1.0/build/CMakeFiles/CMakeTmp'
Building C object CMakeFiles/cmTC_14c76.dir/feature_tests.c.o
/opt/supernemo/bin/gcc-7   -Os -w -pipe -march=native    -std=c11 -o CMakeFiles/cmTC_14c76.dir/feature_tests.c.o   -c /home/mireq-utef/SNEMO/MiModule_v1.1.0/build/CMakeFiles/feature_tests.c
Linking C executable cmTC_14c76
/opt/supernemo/Cellar/cmake/3.13.4/bin/cmake -E cmake_link_script CMakeFiles/cmTC_14c76.dir/link.txt --verbose=1
/opt/supernemo/bin/gcc-7 -Os -w -pipe -march=native   -Wl,--dynamic-linker=/opt/supernemo/lib/ld.so -Wl,-rpath=/opt/supernemo/lib -L/opt/supernemo/lib  -rdynamic CMakeFiles/cmTC_14c76.dir/feature_tests.c.o  -o cmTC_14c76 
gmake[1]: Leaving directory `/home/mireq-utef/SNEMO/MiModule_v1.1.0/build/CMakeFiles/CMakeTmp'


    Feature record: C_FEATURE:1c_function_prototypes
    Feature record: C_FEATURE:1c_restrict
    Feature record: C_FEATURE:1c_static_assert
    Feature record: C_FEATURE:1c_variadic_macros


Detecting C [-std=c99] compiler features compiled with the following output:
Change Dir: /home/mireq-utef/SNEMO/MiModule_v1.1.0/build/CMakeFiles/CMakeTmp

Run Build Command:"/usr/bin/gmake" "cmTC_24e79/fast"
/usr/bin/gmake -f CMakeFiles/cmTC_24e79.dir/build.make CMakeFiles/cmTC_24e79.dir/build
gmake[1]: Entering directory `/home/mireq-utef/SNEMO/MiModule_v1.1.0/build/CMakeFiles/CMakeTmp'
Building C object CMakeFiles/cmTC_24e79.dir/feature_tests.c.o
/opt/supernemo/bin/gcc-7   -Os -w -pipe -march=native    -std=c99 -o CMakeFiles/cmTC_24e79.dir/feature_tests.c.o   -c /home/mireq-utef/SNEMO/MiModule_v1.1.0/build/CMakeFiles/feature_tests.c
Linking C executable cmTC_24e79
/opt/supernemo/Cellar/cmake/3.13.4/bin/cmake -E cmake_link_script CMakeFiles/cmTC_24e79.dir/link.txt --verbose=1
/opt/supernemo/bin/gcc-7 -Os -w -pipe -march=native   -Wl,--dynamic-linker=/opt/supernemo/lib/ld.so -Wl,-rpath=/opt/supernemo/lib -L/opt/supernemo/lib  -rdynamic CMakeFiles/cmTC_24e79.dir/feature_tests.c.o  -o cmTC_24e79 
gmake[1]: Leaving directory `/home/mireq-utef/SNEMO/MiModule_v1.1.0/build/CMakeFiles/CMakeTmp'


    Feature record: C_FEATURE:1c_function_prototypes
    Feature record: C_FEATURE:1c_restrict
    Feature record: C_FEATURE:0c_static_assert
    Feature record: C_FEATURE:1c_variadic_macros


Detecting C [-std=c90] compiler features compiled with the following output:
Change Dir: /home/mireq-utef/SNEMO/MiModule_v1.1.0/build/CMakeFiles/CMakeTmp

Run Build Command:"/usr/bin/gmake" "cmTC_27ddd/fast"
/usr/bin/gmake -f CMakeFiles/cmTC_27ddd.dir/build.make CMakeFiles/cmTC_27ddd.dir/build
gmake[1]: Entering directory `/home/mireq-utef/SNEMO/MiModule_v1.1.0/build/CMakeFiles/CMakeTmp'
Building C object CMakeFiles/cmTC_27ddd.dir/feature_tests.c.o
/opt/supernemo/bin/gcc-7   -Os -w -pipe -march=native    -std=c90 -o CMakeFiles/cmTC_27ddd.dir/feature_tests.c.o   -c /home/mireq-utef/SNEMO/MiModule_v1.1.0/build/CMakeFiles/feature_tests.c
Linking C executable cmTC_27ddd
/opt/supernemo/Cellar/cmake/3.13.4/bin/cmake -E cmake_link_script CMakeFiles/cmTC_27ddd.dir/link.txt --verbose=1
/opt/supernemo/bin/gcc-7 -Os -w -pipe -march=native   -Wl,--dynamic-linker=/opt/supernemo/lib/ld.so -Wl,-rpath=/opt/supernemo/lib -L/opt/supernemo/lib  -rdynamic CMakeFiles/cmTC_27ddd.dir/feature_tests.c.o  -o cmTC_27ddd 
gmake[1]: Leaving directory `/home/mireq-utef/SNEMO/MiModule_v1.1.0/build/CMakeFiles/CMakeTmp'


    Feature record: C_FEATURE:1c_function_prototypes
    Feature record: C_FEATURE:0c_restrict
    Feature record: C_FEATURE:0c_static_assert
    Feature record: C_FEATURE:0c_variadic_macros
Determining if the CXX compiler works passed with the following output:
Change Dir: /home/mireq-utef/SNEMO/MiModule_v1.1.0/build/CMakeFiles/CMakeTmp

Run Build Command:"/usr/bin/gmake" "cmTC_ac302/fast"
/usr/bin/gmake -f CMakeFiles/cmTC_ac302.dir/build.make CMakeFiles/cmTC_ac302.dir/build
gmake[1]: Entering directory `/home/mireq-utef/SNEMO/MiModule_v1.1.0/build/CMakeFiles/CMakeTmp'
Building CXX object CMakeFiles/cmTC_ac302.dir/testCXXCompiler.cxx.o
/opt/supernemo/bin/g++-7  -std=c++11    -Os -w -pipe -march=native    -o CMakeFiles/cmTC_ac302.dir/testCXXCompiler.cxx.o -c /home/mireq-utef/SNEMO/MiModule_v1.1.0/build/CMakeFiles/CMakeTmp/testCXXCompiler.cxx
Linking CXX executable cmTC_ac302
/opt/supernemo/Cellar/cmake/3.13.4/bin/cmake -E cmake_link_script CMakeFiles/cmTC_ac302.dir/link.txt --verbose=1
/opt/supernemo/bin/g++-7  -std=c++11  -Os -w -pipe -march=native   -Wl,--dynamic-linker=/opt/supernemo/lib/ld.so -Wl,-rpath=/opt/supernemo/lib -L/opt/supernemo/lib  -rdynamic CMakeFiles/cmTC_ac302.dir/testCXXCompiler.cxx.o  -o cmTC_ac302 
gmake[1]: Leaving directory `/home/mireq-utef/SNEMO/MiModule_v1.1.0/build/CMakeFiles/CMakeTmp'


Detecting CXX compiler ABI info compiled with the following output:
Change Dir: /home/mireq-utef/SNEMO/MiModule_v1.1.0/build/CMakeFiles/CMakeTmp

Run Build Command:"/usr/bin/gmake" "cmTC_07a9d/fast"
/usr/bin/gmake -f CMakeFiles/cmTC_07a9d.dir/build.make CMakeFiles/cmTC_07a9d.dir/build
gmake[1]: Entering directory `/home/mireq-utef/SNEMO/MiModule_v1.1.0/build/CMakeFiles/CMakeTmp'
Building CXX object CMakeFiles/cmTC_07a9d.dir/CMakeCXXCompilerABI.cpp.o
/opt/supernemo/bin/g++-7  -std=c++11    -Os -w -pipe -march=native    -o CMakeFiles/cmTC_07a9d.dir/CMakeCXXCompilerABI.cpp.o -c /opt/supernemo/Cellar/cmake/3.13.4/share/cmake/Modules/CMakeCXXCompilerABI.cpp
Linking CXX executable cmTC_07a9d
/opt/supernemo/Cellar/cmake/3.13.4/bin/cmake -E cmake_link_script CMakeFiles/cmTC_07a9d.dir/link.txt --verbose=1
/opt/supernemo/bin/g++-7  -std=c++11  -Os -w -pipe -march=native   -Wl,--dynamic-linker=/opt/supernemo/lib/ld.so -Wl,-rpath=/opt/supernemo/lib -L/opt/supernemo/lib -v -rdynamic CMakeFiles/cmTC_07a9d.dir/CMakeCXXCompilerABI.cpp.o  -o cmTC_07a9d 
Reading specs from /opt/supernemo/Cellar/gcc@7/7.4.0/lib/gcc/7/gcc/x86_64-pc-linux-gnu/7.4.0/specs
COLLECT_GCC=/opt/supernemo/bin/g++-7
COLLECT_LTO_WRAPPER=/opt/supernemo/Cellar/gcc@7/7.4.0/libexec/gcc/x86_64-pc-linux-gnu/7.4.0/lto-wrapper
Target: x86_64-pc-linux-gnu
Configured with: ../configure --with-bugurl=https://github.com/Linuxbrew/homebrew-core/issues --disable-multilib --prefix=/opt/supernemo/Cellar/gcc@7/7.4.0 --libdir=/opt/supernemo/Cellar/gcc@7/7.4.0/lib/gcc/7 --enable-languages=c,c++,objc,obj-c++,fortran --program-suffix=-7 --with-gmp=/opt/supernemo/opt/gmp --with-mpfr=/opt/supernemo/opt/mpfr --with-mpc=/opt/supernemo/opt/libmpc --with-isl=/opt/supernemo/opt/isl --enable-checking=release --with-pkgversion='Homebrew GCC 7.4.0 --without-glibc' --disable-nls
Thread model: posix
gcc version 7.4.0 (Homebrew GCC 7.4.0 --without-glibc) 
COMPILER_PATH=/opt/supernemo/Cellar/gcc@7/7.4.0/libexec/gcc/x86_64-pc-linux-gnu/7.4.0/:/opt/supernemo/Cellar/gcc@7/7.4.0/libexec/gcc/x86_64-pc-linux-gnu/7.4.0/:/opt/supernemo/Cellar/gcc@7/7.4.0/libexec/gcc/x86_64-pc-linux-gnu/:/opt/supernemo/Cellar/gcc@7/7.4.0/lib/gcc/7/gcc/x86_64-pc-linux-gnu/7.4.0/:/opt/supernemo/Cellar/gcc@7/7.4.0/lib/gcc/7/gcc/x86_64-pc-linux-gnu/
LIBRARY_PATH=/opt/supernemo/lib/:/opt/supernemo/Cellar/gcc@7/7.4.0/lib/gcc/7/gcc/x86_64-pc-linux-gnu/7.4.0/:/opt/supernemo/Cellar/gcc@7/7.4.0/lib/gcc/7/gcc/x86_64-pc-linux-gnu/7.4.0/../../../:/lib/:/usr/lib/
COLLECT_GCC_OPTIONS='-std=c++11' '-Os' '-w' '-pipe' '-march=native' '-L/opt/supernemo/lib' '-v' '-rdynamic' '-o' 'cmTC_07a9d' '-shared-libgcc'
 /opt/supernemo/Cellar/gcc@7/7.4.0/libexec/gcc/x86_64-pc-linux-gnu/7.4.0/collect2 -plugin /opt/supernemo/Cellar/gcc@7/7.4.0/libexec/gcc/x86_64-pc-linux-gnu/7.4.0/liblto_plugin.so -plugin-opt=/opt/supernemo/Cellar/gcc@7/7.4.0/libexec/gcc/x86_64-pc-linux-gnu/7.4.0/lto-wrapper -plugin-opt=-fresolution=/tmp/ccBvg5eb.res -plugin-opt=-pass-through=-lgcc_s -plugin-opt=-pass-through=-lgcc -plugin-opt=-pass-through=-lc -plugin-opt=-pass-through=-lgcc_s -plugin-opt=-pass-through=-lgcc --eh-frame-hdr -m elf_x86_64 -export-dynamic -dynamic-linker /lib64/ld-linux-x86-64.so.2 --dynamic-linker /opt/supernemo/lib/ld.so -rpath /opt/supernemo/lib/gcc/7 -rpath /opt/supernemo/lib -o cmTC_07a9d /opt/supernemo/Cellar/gcc@7/7.4.0/lib/gcc/7/gcc/x86_64-pc-linux-gnu/7.4.0/crt1.o /opt/supernemo/Cellar/gcc@7/7.4.0/lib/gcc/7/gcc/x86_64-pc-linux-gnu/7.4.0/crti.o /opt/supernemo/Cellar/gcc@7/7.4.0/lib/gcc/7/gcc/x86_64-pc-linux-gnu/7.4.0/crtbegin.o -L/opt/supernemo/lib -L/opt/supernemo/lib -L/opt/supernemo/Cellar/gcc@7/7.4.0/lib/gcc/7/gcc/x86_64-pc-linux-gnu/7.4.0 -L/opt/supernemo/Cellar/gcc@7/7.4.0/lib/gcc/7/gcc/x86_64-pc-linux-gnu/7.4.0/../../.. -L/opt/supernemo/lib/gcc/7 -L/opt/supernemo/lib --dynamic-linker=/opt/supernemo/lib/ld.so -rpath=/opt/supernemo/lib CMakeFiles/cmTC_07a9d.dir/CMakeCXXCompilerABI.cpp.o -lstdc++ -lm -lgcc_s -lgcc -lc -lgcc_s -lgcc /opt/supernemo/Cellar/gcc@7/7.4.0/lib/gcc/7/gcc/x86_64-pc-linux-gnu/7.4.0/crtend.o /opt/supernemo/Cellar/gcc@7/7.4.0/lib/gcc/7/gcc/x86_64-pc-linux-gnu/7.4.0/crtn.o
COLLECT_GCC_OPTIONS='-std=c++11' '-Os' '-w' '-pipe' '-march=native' '-L/opt/supernemo/lib' '-v' '-rdynamic' '-o' 'cmTC_07a9d' '-shared-libgcc'
gmake[1]: Leaving directory `/home/mireq-utef/SNEMO/MiModule_v1.1.0/build/CMakeFiles/CMakeTmp'


Parsed CXX implicit link information from above output:
  link line regex: [^( *|.*[/\])(ld|CMAKE_LINK_STARTFILE-NOTFOUND|([^/\]+-)?ld|collect2)[^/\]*( |$)]
  ignore line: [Change Dir: /home/mireq-utef/SNEMO/MiModule_v1.1.0/build/CMakeFiles/CMakeTmp]
  ignore line: []
  ignore line: [Run Build Command:"/usr/bin/gmake" "cmTC_07a9d/fast"]
  ignore line: [/usr/bin/gmake -f CMakeFiles/cmTC_07a9d.dir/build.make CMakeFiles/cmTC_07a9d.dir/build]
  ignore line: [gmake[1]: Entering directory `/home/mireq-utef/SNEMO/MiModule_v1.1.0/build/CMakeFiles/CMakeTmp']
  ignore line: [Building CXX object CMakeFiles/cmTC_07a9d.dir/CMakeCXXCompilerABI.cpp.o]
  ignore line: [/opt/supernemo/bin/g++-7  -std=c++11    -Os -w -pipe -march=native    -o CMakeFiles/cmTC_07a9d.dir/CMakeCXXCompilerABI.cpp.o -c /opt/supernemo/Cellar/cmake/3.13.4/share/cmake/Modules/CMakeCXXCompilerABI.cpp]
  ignore line: [Linking CXX executable cmTC_07a9d]
  ignore line: [/opt/supernemo/Cellar/cmake/3.13.4/bin/cmake -E cmake_link_script CMakeFiles/cmTC_07a9d.dir/link.txt --verbose=1]
  ignore line: [/opt/supernemo/bin/g++-7  -std=c++11  -Os -w -pipe -march=native   -Wl,--dynamic-linker=/opt/supernemo/lib/ld.so -Wl,-rpath=/opt/supernemo/lib -L/opt/supernemo/lib -v -rdynamic CMakeFiles/cmTC_07a9d.dir/CMakeCXXCompilerABI.cpp.o  -o cmTC_07a9d ]
  ignore line: [Reading specs from /opt/supernemo/Cellar/gcc@7/7.4.0/lib/gcc/7/gcc/x86_64-pc-linux-gnu/7.4.0/specs]
  ignore line: [COLLECT_GCC=/opt/supernemo/bin/g++-7]
  ignore line: [COLLECT_LTO_WRAPPER=/opt/supernemo/Cellar/gcc@7/7.4.0/libexec/gcc/x86_64-pc-linux-gnu/7.4.0/lto-wrapper]
  ignore line: [Target: x86_64-pc-linux-gnu]
  ignore line: [Configured with: ../configure --with-bugurl=https://github.com/Linuxbrew/homebrew-core/issues --disable-multilib --prefix=/opt/supernemo/Cellar/gcc@7/7.4.0 --libdir=/opt/supernemo/Cellar/gcc@7/7.4.0/lib/gcc/7 --enable-languages=c,c++,objc,obj-c++,fortran --program-suffix=-7 --with-gmp=/opt/supernemo/opt/gmp --with-mpfr=/opt/supernemo/opt/mpfr --with-mpc=/opt/supernemo/opt/libmpc --with-isl=/opt/supernemo/opt/isl --enable-checking=release --with-pkgversion='Homebrew GCC 7.4.0 --without-glibc' --disable-nls]
  ignore line: [Thread model: posix]
  ignore line: [gcc version 7.4.0 (Homebrew GCC 7.4.0 --without-glibc) ]
  ignore line: [COMPILER_PATH=/opt/supernemo/Cellar/gcc@7/7.4.0/libexec/gcc/x86_64-pc-linux-gnu/7.4.0/:/opt/supernemo/Cellar/gcc@7/7.4.0/libexec/gcc/x86_64-pc-linux-gnu/7.4.0/:/opt/supernemo/Cellar/gcc@7/7.4.0/libexec/gcc/x86_64-pc-linux-gnu/:/opt/supernemo/Cellar/gcc@7/7.4.0/lib/gcc/7/gcc/x86_64-pc-linux-gnu/7.4.0/:/opt/supernemo/Cellar/gcc@7/7.4.0/lib/gcc/7/gcc/x86_64-pc-linux-gnu/]
  ignore line: [LIBRARY_PATH=/opt/supernemo/lib/:/opt/supernemo/Cellar/gcc@7/7.4.0/lib/gcc/7/gcc/x86_64-pc-linux-gnu/7.4.0/:/opt/supernemo/Cellar/gcc@7/7.4.0/lib/gcc/7/gcc/x86_64-pc-linux-gnu/7.4.0/../../../:/lib/:/usr/lib/]
  ignore line: [COLLECT_GCC_OPTIONS='-std=c++11' '-Os' '-w' '-pipe' '-march=native' '-L/opt/supernemo/lib' '-v' '-rdynamic' '-o' 'cmTC_07a9d' '-shared-libgcc']
  link line: [ /opt/supernemo/Cellar/gcc@7/7.4.0/libexec/gcc/x86_64-pc-linux-gnu/7.4.0/collect2 -plugin /opt/supernemo/Cellar/gcc@7/7.4.0/libexec/gcc/x86_64-pc-linux-gnu/7.4.0/liblto_plugin.so -plugin-opt=/opt/supernemo/Cellar/gcc@7/7.4.0/libexec/gcc/x86_64-pc-linux-gnu/7.4.0/lto-wrapper -plugin-opt=-fresolution=/tmp/ccBvg5eb.res -plugin-opt=-pass-through=-lgcc_s -plugin-opt=-pass-through=-lgcc -plugin-opt=-pass-through=-lc -plugin-opt=-pass-through=-lgcc_s -plugin-opt=-pass-through=-lgcc --eh-frame-hdr -m elf_x86_64 -export-dynamic -dynamic-linker /lib64/ld-linux-x86-64.so.2 --dynamic-linker /opt/supernemo/lib/ld.so -rpath /opt/supernemo/lib/gcc/7 -rpath /opt/supernemo/lib -o cmTC_07a9d /opt/supernemo/Cellar/gcc@7/7.4.0/lib/gcc/7/gcc/x86_64-pc-linux-gnu/7.4.0/crt1.o /opt/supernemo/Cellar/gcc@7/7.4.0/lib/gcc/7/gcc/x86_64-pc-linux-gnu/7.4.0/crti.o /opt/supernemo/Cellar/gcc@7/7.4.0/lib/gcc/7/gcc/x86_64-pc-linux-gnu/7.4.0/crtbegin.o -L/opt/supernemo/lib -L/opt/supernemo/lib -L/opt/supernemo/Cellar/gcc@7/7.4.0/lib/gcc/7/gcc/x86_64-pc-linux-gnu/7.4.0 -L/opt/supernemo/Cellar/gcc@7/7.4.0/lib/gcc/7/gcc/x86_64-pc-linux-gnu/7.4.0/../../.. -L/opt/supernemo/lib/gcc/7 -L/opt/supernemo/lib --dynamic-linker=/opt/supernemo/lib/ld.so -rpath=/opt/supernemo/lib CMakeFiles/cmTC_07a9d.dir/CMakeCXXCompilerABI.cpp.o -lstdc++ -lm -lgcc_s -lgcc -lc -lgcc_s -lgcc /opt/supernemo/Cellar/gcc@7/7.4.0/lib/gcc/7/gcc/x86_64-pc-linux-gnu/7.4.0/crtend.o /opt/supernemo/Cellar/gcc@7/7.4.0/lib/gcc/7/gcc/x86_64-pc-linux-gnu/7.4.0/crtn.o]
    arg [/opt/supernemo/Cellar/gcc@7/7.4.0/libexec/gcc/x86_64-pc-linux-gnu/7.4.0/collect2] ==> ignore
    arg [-plugin] ==> ignore
    arg [/opt/supernemo/Cellar/gcc@7/7.4.0/libexec/gcc/x86_64-pc-linux-gnu/7.4.0/liblto_plugin.so] ==> ignore
    arg [-plugin-opt=/opt/supernemo/Cellar/gcc@7/7.4.0/libexec/gcc/x86_64-pc-linux-gnu/7.4.0/lto-wrapper] ==> ignore
    arg [-plugin-opt=-fresolution=/tmp/ccBvg5eb.res] ==> ignore
    arg [-plugin-opt=-pass-through=-lgcc_s] ==> ignore
    arg [-plugin-opt=-pass-through=-lgcc] ==> ignore
    arg [-plugin-opt=-pass-through=-lc] ==> ignore
    arg [-plugin-opt=-pass-through=-lgcc_s] ==> ignore
    arg [-plugin-opt=-pass-through=-lgcc] ==> ignore
    arg [--eh-frame-hdr] ==> ignore
    arg [-m] ==> ignore
    arg [elf_x86_64] ==> ignore
    arg [-export-dynamic] ==> ignore
    arg [-dynamic-linker] ==> ignore
    arg [/lib64/ld-linux-x86-64.so.2] ==> ignore
    arg [--dynamic-linker] ==> ignore
    arg [/opt/supernemo/lib/ld.so] ==> ignore
    arg [-rpath] ==> ignore
    arg [/opt/supernemo/lib/gcc/7] ==> ignore
    arg [-rpath] ==> ignore
    arg [/opt/supernemo/lib] ==> ignore
    arg [-o] ==> ignore
    arg [cmTC_07a9d] ==> ignore
    arg [/opt/supernemo/Cellar/gcc@7/7.4.0/lib/gcc/7/gcc/x86_64-pc-linux-gnu/7.4.0/crt1.o] ==> ignore
    arg [/opt/supernemo/Cellar/gcc@7/7.4.0/lib/gcc/7/gcc/x86_64-pc-linux-gnu/7.4.0/crti.o] ==> ignore
    arg [/opt/supernemo/Cellar/gcc@7/7.4.0/lib/gcc/7/gcc/x86_64-pc-linux-gnu/7.4.0/crtbegin.o] ==> ignore
    arg [-L/opt/supernemo/lib] ==> dir [/opt/supernemo/lib]
    arg [-L/opt/supernemo/lib] ==> dir [/opt/supernemo/lib]
    arg [-L/opt/supernemo/Cellar/gcc@7/7.4.0/lib/gcc/7/gcc/x86_64-pc-linux-gnu/7.4.0] ==> dir [/opt/supernemo/Cellar/gcc@7/7.4.0/lib/gcc/7/gcc/x86_64-pc-linux-gnu/7.4.0]
    arg [-L/opt/supernemo/Cellar/gcc@7/7.4.0/lib/gcc/7/gcc/x86_64-pc-linux-gnu/7.4.0/../../..] ==> dir [/opt/supernemo/Cellar/gcc@7/7.4.0/lib/gcc/7/gcc/x86_64-pc-linux-gnu/7.4.0/../../..]
    arg [-L/opt/supernemo/lib/gcc/7] ==> dir [/opt/supernemo/lib/gcc/7]
    arg [-L/opt/supernemo/lib] ==> dir [/opt/supernemo/lib]
    arg [--dynamic-linker=/opt/supernemo/lib/ld.so] ==> ignore
    arg [-rpath=/opt/supernemo/lib] ==> ignore
    arg [CMakeFiles/cmTC_07a9d.dir/CMakeCXXCompilerABI.cpp.o] ==> ignore
    arg [-lstdc++] ==> lib [stdc++]
    arg [-lm] ==> lib [m]
    arg [-lgcc_s] ==> lib [gcc_s]
    arg [-lgcc] ==> lib [gcc]
    arg [-lc] ==> lib [c]
    arg [-lgcc_s] ==> lib [gcc_s]
    arg [-lgcc] ==> lib [gcc]
    arg [/opt/supernemo/Cellar/gcc@7/7.4.0/lib/gcc/7/gcc/x86_64-pc-linux-gnu/7.4.0/crtend.o] ==> ignore
    arg [/opt/supernemo/Cellar/gcc@7/7.4.0/lib/gcc/7/gcc/x86_64-pc-linux-gnu/7.4.0/crtn.o] ==> ignore
  collapse library dir [/opt/supernemo/lib] ==> [/opt/supernemo/lib]
  collapse library dir [/opt/supernemo/lib] ==> [/opt/supernemo/lib]
  collapse library dir [/opt/supernemo/Cellar/gcc@7/7.4.0/lib/gcc/7/gcc/x86_64-pc-linux-gnu/7.4.0] ==> [/opt/supernemo/Cellar/gcc@7/7.4.0/lib/gcc/7/gcc/x86_64-pc-linux-gnu/7.4.0]
  collapse library dir [/opt/supernemo/Cellar/gcc@7/7.4.0/lib/gcc/7/gcc/x86_64-pc-linux-gnu/7.4.0/../../..] ==> [/opt/supernemo/Cellar/gcc@7/7.4.0/lib/gcc/7]
  collapse library dir [/opt/supernemo/lib/gcc/7] ==> [/opt/supernemo/lib/gcc/7]
  collapse library dir [/opt/supernemo/lib] ==> [/opt/supernemo/lib]
  implicit libs: [stdc++;m;gcc_s;gcc;c;gcc_s;gcc]
  implicit dirs: [/opt/supernemo/lib;/opt/supernemo/Cellar/gcc@7/7.4.0/lib/gcc/7/gcc/x86_64-pc-linux-gnu/7.4.0;/opt/supernemo/Cellar/gcc@7/7.4.0/lib/gcc/7;/opt/supernemo/lib/gcc/7]
  implicit fwks: []




Detecting CXX [-std=c++1z] compiler features compiled with the following output:
Change Dir: /home/mireq-utef/SNEMO/MiModule_v1.1.0/build/CMakeFiles/CMakeTmp

Run Build Command:"/usr/bin/gmake" "cmTC_d185d/fast"
/usr/bin/gmake -f CMakeFiles/cmTC_d185d.dir/build.make CMakeFiles/cmTC_d185d.dir/build
gmake[1]: Entering directory `/home/mireq-utef/SNEMO/MiModule_v1.1.0/build/CMakeFiles/CMakeTmp'
Building CXX object CMakeFiles/cmTC_d185d.dir/feature_tests.cxx.o
/opt/supernemo/bin/g++-7  -std=c++11    -Os -w -pipe -march=native    -std=c++1z -o CMakeFiles/cmTC_d185d.dir/feature_tests.cxx.o -c /home/mireq-utef/SNEMO/MiModule_v1.1.0/build/CMakeFiles/feature_tests.cxx
Linking CXX executable cmTC_d185d
/opt/supernemo/Cellar/cmake/3.13.4/bin/cmake -E cmake_link_script CMakeFiles/cmTC_d185d.dir/link.txt --verbose=1
/opt/supernemo/bin/g++-7  -std=c++11  -Os -w -pipe -march=native   -Wl,--dynamic-linker=/opt/supernemo/lib/ld.so -Wl,-rpath=/opt/supernemo/lib -L/opt/supernemo/lib  -rdynamic CMakeFiles/cmTC_d185d.dir/feature_tests.cxx.o  -o cmTC_d185d 
gmake[1]: Leaving directory `/home/mireq-utef/SNEMO/MiModule_v1.1.0/build/CMakeFiles/CMakeTmp'


    Feature record: CXX_FEATURE:1cxx_aggregate_default_initializers
    Feature record: CXX_FEATURE:1cxx_alias_templates
    Feature record: CXX_FEATURE:1cxx_alignas
    Feature record: CXX_FEATURE:1cxx_alignof
    Feature record: CXX_FEATURE:1cxx_attributes
    Feature record: CXX_FEATURE:1cxx_attribute_deprecated
    Feature record: CXX_FEATURE:1cxx_auto_type
    Feature record: CXX_FEATURE:1cxx_binary_literals
    Feature record: CXX_FEATURE:1cxx_constexpr
    Feature record: CXX_FEATURE:1cxx_contextual_conversions
    Feature record: CXX_FEATURE:1cxx_decltype
    Feature record: CXX_FEATURE:1cxx_decltype_auto
    Feature record: CXX_FEATURE:1cxx_decltype_incomplete_return_types
    Feature record: CXX_FEATURE:1cxx_default_function_template_args
    Feature record: CXX_FEATURE:1cxx_defaulted_functions
    Feature record: CXX_FEATURE:1cxx_defaulted_move_initializers
    Feature record: CXX_FEATURE:1cxx_delegating_constructors
    Feature record: CXX_FEATURE:1cxx_deleted_functions
    Feature record: CXX_FEATURE:1cxx_digit_separators
    Feature record: CXX_FEATURE:1cxx_enum_forward_declarations
    Feature record: CXX_FEATURE:1cxx_explicit_conversions
    Feature record: CXX_FEATURE:1cxx_extended_friend_declarations
    Feature record: CXX_FEATURE:1cxx_extern_templates
    Feature record: CXX_FEATURE:1cxx_final
    Feature record: CXX_FEATURE:1cxx_func_identifier
    Feature record: CXX_FEATURE:1cxx_generalized_initializers
    Feature record: CXX_FEATURE:1cxx_generic_lambdas
    Feature record: CXX_FEATURE:1cxx_inheriting_constructors
    Feature record: CXX_FEATURE:1cxx_inline_namespaces
    Feature record: CXX_FEATURE:1cxx_lambdas
    Feature record: CXX_FEATURE:1cxx_lambda_init_captures
    Feature record: CXX_FEATURE:1cxx_local_type_template_args
    Feature record: CXX_FEATURE:1cxx_long_long_type
    Feature record: CXX_FEATURE:1cxx_noexcept
    Feature record: CXX_FEATURE:1cxx_nonstatic_member_init
    Feature record: CXX_FEATURE:1cxx_nullptr
    Feature record: CXX_FEATURE:1cxx_override
    Feature record: CXX_FEATURE:1cxx_range_for
    Feature record: CXX_FEATURE:1cxx_raw_string_literals
    Feature record: CXX_FEATURE:1cxx_reference_qualified_functions
    Feature record: CXX_FEATURE:1cxx_relaxed_constexpr
    Feature record: CXX_FEATURE:1cxx_return_type_deduction
    Feature record: CXX_FEATURE:1cxx_right_angle_brackets
    Feature record: CXX_FEATURE:1cxx_rvalue_references
    Feature record: CXX_FEATURE:1cxx_sizeof_member
    Feature record: CXX_FEATURE:1cxx_static_assert
    Feature record: CXX_FEATURE:1cxx_strong_enums
    Feature record: CXX_FEATURE:1cxx_template_template_parameters
    Feature record: CXX_FEATURE:1cxx_thread_local
    Feature record: CXX_FEATURE:1cxx_trailing_return_types
    Feature record: CXX_FEATURE:1cxx_unicode_literals
    Feature record: CXX_FEATURE:1cxx_uniform_initialization
    Feature record: CXX_FEATURE:1cxx_unrestricted_unions
    Feature record: CXX_FEATURE:1cxx_user_literals
    Feature record: CXX_FEATURE:1cxx_variable_templates
    Feature record: CXX_FEATURE:1cxx_variadic_macros
    Feature record: CXX_FEATURE:1cxx_variadic_templates


Detecting CXX [-std=c++14] compiler features compiled with the following output:
Change Dir: /home/mireq-utef/SNEMO/MiModule_v1.1.0/build/CMakeFiles/CMakeTmp

Run Build Command:"/usr/bin/gmake" "cmTC_dd8e7/fast"
/usr/bin/gmake -f CMakeFiles/cmTC_dd8e7.dir/build.make CMakeFiles/cmTC_dd8e7.dir/build
gmake[1]: Entering directory `/home/mireq-utef/SNEMO/MiModule_v1.1.0/build/CMakeFiles/CMakeTmp'
Building CXX object CMakeFiles/cmTC_dd8e7.dir/feature_tests.cxx.o
/opt/supernemo/bin/g++-7  -std=c++11    -Os -w -pipe -march=native    -std=c++14 -o CMakeFiles/cmTC_dd8e7.dir/feature_tests.cxx.o -c /home/mireq-utef/SNEMO/MiModule_v1.1.0/build/CMakeFiles/feature_tests.cxx
Linking CXX executable cmTC_dd8e7
/opt/supernemo/Cellar/cmake/3.13.4/bin/cmake -E cmake_link_script CMakeFiles/cmTC_dd8e7.dir/link.txt --verbose=1
/opt/supernemo/bin/g++-7  -std=c++11  -Os -w -pipe -march=native   -Wl,--dynamic-linker=/opt/supernemo/lib/ld.so -Wl,-rpath=/opt/supernemo/lib -L/opt/supernemo/lib  -rdynamic CMakeFiles/cmTC_dd8e7.dir/feature_tests.cxx.o  -o cmTC_dd8e7 
gmake[1]: Leaving directory `/home/mireq-utef/SNEMO/MiModule_v1.1.0/build/CMakeFiles/CMakeTmp'


    Feature record: CXX_FEATURE:1cxx_aggregate_default_initializers
    Feature record: CXX_FEATURE:1cxx_alias_templates
    Feature record: CXX_FEATURE:1cxx_alignas
    Feature record: CXX_FEATURE:1cxx_alignof
    Feature record: CXX_FEATURE:1cxx_attributes
    Feature record: CXX_FEATURE:1cxx_attribute_deprecated
    Feature record: CXX_FEATURE:1cxx_auto_type
    Feature record: CXX_FEATURE:1cxx_binary_literals
    Feature record: CXX_FEATURE:1cxx_constexpr
    Feature record: CXX_FEATURE:1cxx_contextual_conversions
    Feature record: CXX_FEATURE:1cxx_decltype
    Feature record: CXX_FEATURE:1cxx_decltype_auto
    Feature record: CXX_FEATURE:1cxx_decltype_incomplete_return_types
    Feature record: CXX_FEATURE:1cxx_default_function_template_args
    Feature record: CXX_FEATURE:1cxx_defaulted_functions
    Feature record: CXX_FEATURE:1cxx_defaulted_move_initializers
    Feature record: CXX_FEATURE:1cxx_delegating_constructors
    Feature record: CXX_FEATURE:1cxx_deleted_functions
    Feature record: CXX_FEATURE:1cxx_digit_separators
    Feature record: CXX_FEATURE:1cxx_enum_forward_declarations
    Feature record: CXX_FEATURE:1cxx_explicit_conversions
    Feature record: CXX_FEATURE:1cxx_extended_friend_declarations
    Feature record: CXX_FEATURE:1cxx_extern_templates
    Feature record: CXX_FEATURE:1cxx_final
    Feature record: CXX_FEATURE:1cxx_func_identifier
    Feature record: CXX_FEATURE:1cxx_generalized_initializers
    Feature record: CXX_FEATURE:1cxx_generic_lambdas
    Feature record: CXX_FEATURE:1cxx_inheriting_constructors
    Feature record: CXX_FEATURE:1cxx_inline_namespaces
    Feature record: CXX_FEATURE:1cxx_lambdas
    Feature record: CXX_FEATURE:1cxx_lambda_init_captures
    Feature record: CXX_FEATURE:1cxx_local_type_template_args
    Feature record: CXX_FEATURE:1cxx_long_long_type
    Feature record: CXX_FEATURE:1cxx_noexcept
    Feature record: CXX_FEATURE:1cxx_nonstatic_member_init
    Feature record: CXX_FEATURE:1cxx_nullptr
    Feature record: CXX_FEATURE:1cxx_override
    Feature record: CXX_FEATURE:1cxx_range_for
    Feature record: CXX_FEATURE:1cxx_raw_string_literals
    Feature record: CXX_FEATURE:1cxx_reference_qualified_functions
    Feature record: CXX_FEATURE:1cxx_relaxed_constexpr
    Feature record: CXX_FEATURE:1cxx_return_type_deduction
    Feature record: CXX_FEATURE:1cxx_right_angle_brackets
    Feature record: CXX_FEATURE:1cxx_rvalue_references
    Feature record: CXX_FEATURE:1cxx_sizeof_member
    Feature record: CXX_FEATURE:1cxx_static_assert
    Feature record: CXX_FEATURE:1cxx_strong_enums
    Feature record: CXX_FEATURE:1cxx_template_template_parameters
    Feature record: CXX_FEATURE:1cxx_thread_local
    Feature record: CXX_FEATURE:1cxx_trailing_return_types
    Feature record: CXX_FEATURE:1cxx_unicode_literals
    Feature record: CXX_FEATURE:1cxx_uniform_initialization
    Feature record: CXX_FEATURE:1cxx_unrestricted_unions
    Feature record: CXX_FEATURE:1cxx_user_literals
    Feature record: CXX_FEATURE:1cxx_variable_templates
    Feature record: CXX_FEATURE:1cxx_variadic_macros
    Feature record: CXX_FEATURE:1cxx_variadic_templates


Detecting CXX [-std=c++11] compiler features compiled with the following output:
Change Dir: /home/mireq-utef/SNEMO/MiModule_v1.1.0/build/CMakeFiles/CMakeTmp

Run Build Command:"/usr/bin/gmake" "cmTC_aa4ba/fast"
/usr/bin/gmake -f CMakeFiles/cmTC_aa4ba.dir/build.make CMakeFiles/cmTC_aa4ba.dir/build
gmake[1]: Entering directory `/home/mireq-utef/SNEMO/MiModule_v1.1.0/build/CMakeFiles/CMakeTmp'
Building CXX object CMakeFiles/cmTC_aa4ba.dir/feature_tests.cxx.o
/opt/supernemo/bin/g++-7  -std=c++11    -Os -w -pipe -march=native    -std=c++11 -o CMakeFiles/cmTC_aa4ba.dir/feature_tests.cxx.o -c /home/mireq-utef/SNEMO/MiModule_v1.1.0/build/CMakeFiles/feature_tests.cxx
Linking CXX executable cmTC_aa4ba
/opt/supernemo/Cellar/cmake/3.13.4/bin/cmake -E cmake_link_script CMakeFiles/cmTC_aa4ba.dir/link.txt --verbose=1
/opt/supernemo/bin/g++-7  -std=c++11  -Os -w -pipe -march=native   -Wl,--dynamic-linker=/opt/supernemo/lib/ld.so -Wl,-rpath=/opt/supernemo/lib -L/opt/supernemo/lib  -rdynamic CMakeFiles/cmTC_aa4ba.dir/feature_tests.cxx.o  -o cmTC_aa4ba 
gmake[1]: Leaving directory `/home/mireq-utef/SNEMO/MiModule_v1.1.0/build/CMakeFiles/CMakeTmp'


    Feature record: CXX_FEATURE:0cxx_aggregate_default_initializers
    Feature record: CXX_FEATURE:1cxx_alias_templates
    Feature record: CXX_FEATURE:1cxx_alignas
    Feature record: CXX_FEATURE:1cxx_alignof
    Feature record: CXX_FEATURE:1cxx_attributes
    Feature record: CXX_FEATURE:0cxx_attribute_deprecated
    Feature record: CXX_FEATURE:1cxx_auto_type
    Feature record: CXX_FEATURE:0cxx_binary_literals
    Feature record: CXX_FEATURE:1cxx_constexpr
    Feature record: CXX_FEATURE:0cxx_contextual_conversions
    Feature record: CXX_FEATURE:1cxx_decltype
    Feature record: CXX_FEATURE:0cxx_decltype_auto
    Feature record: CXX_FEATURE:1cxx_decltype_incomplete_return_types
    Feature record: CXX_FEATURE:1cxx_default_function_template_args
    Feature record: CXX_FEATURE:1cxx_defaulted_functions
    Feature record: CXX_FEATURE:1cxx_defaulted_move_initializers
    Feature record: CXX_FEATURE:1cxx_delegating_constructors
    Feature record: CXX_FEATURE:1cxx_deleted_functions
    Feature record: CXX_FEATURE:0cxx_digit_separators
    Feature record: CXX_FEATURE:1cxx_enum_forward_declarations
    Feature record: CXX_FEATURE:1cxx_explicit_conversions
    Feature record: CXX_FEATURE:1cxx_extended_friend_declarations
    Feature record: CXX_FEATURE:1cxx_extern_templates
    Feature record: CXX_FEATURE:1cxx_final
    Feature record: CXX_FEATURE:1cxx_func_identifier
    Feature record: CXX_FEATURE:1cxx_generalized_initializers
    Feature record: CXX_FEATURE:0cxx_generic_lambdas
    Feature record: CXX_FEATURE:1cxx_inheriting_constructors
    Feature record: CXX_FEATURE:1cxx_inline_namespaces
    Feature record: CXX_FEATURE:1cxx_lambdas
    Feature record: CXX_FEATURE:0cxx_lambda_init_captures
    Feature record: CXX_FEATURE:1cxx_local_type_template_args
    Feature record: CXX_FEATURE:1cxx_long_long_type
    Feature record: CXX_FEATURE:1cxx_noexcept
    Feature record: CXX_FEATURE:1cxx_nonstatic_member_init
    Feature record: CXX_FEATURE:1cxx_nullptr
    Feature record: CXX_FEATURE:1cxx_override
    Feature record: CXX_FEATURE:1cxx_range_for
    Feature record: CXX_FEATURE:1cxx_raw_string_literals
    Feature record: CXX_FEATURE:1cxx_reference_qualified_functions
    Feature record: CXX_FEATURE:0cxx_relaxed_constexpr
    Feature record: CXX_FEATURE:0cxx_return_type_deduction
    Feature record: CXX_FEATURE:1cxx_right_angle_brackets
    Feature record: CXX_FEATURE:1cxx_rvalue_references
    Feature record: CXX_FEATURE:1cxx_sizeof_member
    Feature record: CXX_FEATURE:1cxx_static_assert
    Feature record: CXX_FEATURE:1cxx_strong_enums
    Feature record: CXX_FEATURE:1cxx_template_template_parameters
    Feature record: CXX_FEATURE:1cxx_thread_local
    Feature record: CXX_FEATURE:1cxx_trailing_return_types
    Feature record: CXX_FEATURE:1cxx_unicode_literals
    Feature record: CXX_FEATURE:1cxx_uniform_initialization
    Feature record: CXX_FEATURE:1cxx_unrestricted_unions
    Feature record: CXX_FEATURE:1cxx_user_literals
    Feature record: CXX_FEATURE:0cxx_variable_templates
    Feature record: CXX_FEATURE:1cxx_variadic_macros
    Feature record: CXX_FEATURE:1cxx_variadic_templates


Detecting CXX [-std=c++98] compiler features compiled with the following output:
Change Dir: /home/mireq-utef/SNEMO/MiModule_v1.1.0/build/CMakeFiles/CMakeTmp

Run Build Command:"/usr/bin/gmake" "cmTC_245de/fast"
/usr/bin/gmake -f CMakeFiles/cmTC_245de.dir/build.make CMakeFiles/cmTC_245de.dir/build
gmake[1]: Entering directory `/home/mireq-utef/SNEMO/MiModule_v1.1.0/build/CMakeFiles/CMakeTmp'
Building CXX object CMakeFiles/cmTC_245de.dir/feature_tests.cxx.o
/opt/supernemo/bin/g++-7  -std=c++11    -Os -w -pipe -march=native    -std=c++98 -o CMakeFiles/cmTC_245de.dir/feature_tests.cxx.o -c /home/mireq-utef/SNEMO/MiModule_v1.1.0/build/CMakeFiles/feature_tests.cxx
Linking CXX executable cmTC_245de
/opt/supernemo/Cellar/cmake/3.13.4/bin/cmake -E cmake_link_script CMakeFiles/cmTC_245de.dir/link.txt --verbose=1
/opt/supernemo/bin/g++-7  -std=c++11  -Os -w -pipe -march=native   -Wl,--dynamic-linker=/opt/supernemo/lib/ld.so -Wl,-rpath=/opt/supernemo/lib -L/opt/supernemo/lib  -rdynamic CMakeFiles/cmTC_245de.dir/feature_tests.cxx.o  -o cmTC_245de 
gmake[1]: Leaving directory `/home/mireq-utef/SNEMO/MiModule_v1.1.0/build/CMakeFiles/CMakeTmp'


    Feature record: CXX_FEATURE:0cxx_aggregate_default_initializers
    Feature record: CXX_FEATURE:0cxx_alias_templates
    Feature record: CXX_FEATURE:0cxx_alignas
    Feature record: CXX_FEATURE:0cxx_alignof
    Feature record: CXX_FEATURE:0cxx_attributes
    Feature record: CXX_FEATURE:0cxx_attribute_deprecated
    Feature record: CXX_FEATURE:0cxx_auto_type
    Feature record: CXX_FEATURE:0cxx_binary_literals
    Feature record: CXX_FEATURE:0cxx_constexpr
    Feature record: CXX_FEATURE:0cxx_contextual_conversions
    Feature record: CXX_FEATURE:0cxx_decltype
    Feature record: CXX_FEATURE:0cxx_decltype_auto
    Feature record: CXX_FEATURE:0cxx_decltype_incomplete_return_types
    Feature record: CXX_FEATURE:0cxx_default_function_template_args
    Feature record: CXX_FEATURE:0cxx_defaulted_functions
    Feature record: CXX_FEATURE:0cxx_defaulted_move_initializers
    Feature record: CXX_FEATURE:0cxx_delegating_constructors
    Feature record: CXX_FEATURE:0cxx_deleted_functions
    Feature record: CXX_FEATURE:0cxx_digit_separators
    Feature record: CXX_FEATURE:0cxx_enum_forward_declarations
    Feature record: CXX_FEATURE:0cxx_explicit_conversions
    Feature record: CXX_FEATURE:0cxx_extended_friend_declarations
    Feature record: CXX_FEATURE:0cxx_extern_templates
    Feature record: CXX_FEATURE:0cxx_final
    Feature record: CXX_FEATURE:0cxx_func_identifier
    Feature record: CXX_FEATURE:0cxx_generalized_initializers
    Feature record: CXX_FEATURE:0cxx_generic_lambdas
    Feature record: CXX_FEATURE:0cxx_inheriting_constructors
    Feature record: CXX_FEATURE:0cxx_inline_namespaces
    Feature record: CXX_FEATURE:0cxx_lambdas
    Feature record: CXX_FEATURE:0cxx_lambda_init_captures
    Feature record: CXX_FEATURE:0cxx_local_type_template_args
    Feature record: CXX_FEATURE:0cxx_long_long_type
    Feature record: CXX_FEATURE:0cxx_noexcept
    Feature record: CXX_FEATURE:0cxx_nonstatic_member_init
    Feature record: CXX_FEATURE:0cxx_nullptr
    Feature record: CXX_FEATURE:0cxx_override
    Feature record: CXX_FEATURE:0cxx_range_for
    Feature record: CXX_FEATURE:0cxx_raw_string_literals
    Feature record: CXX_FEATURE:0cxx_reference_qualified_functions
    Feature record: CXX_FEATURE:0cxx_relaxed_constexpr
    Feature record: CXX_FEATURE:0cxx_return_type_deduction
    Feature record: CXX_FEATURE:0cxx_right_angle_brackets
    Feature record: CXX_FEATURE:0cxx_rvalue_references
    Feature record: CXX_FEATURE:0cxx_sizeof_member
    Feature record: CXX_FEATURE:0cxx_static_assert
    Feature record: CXX_FEATURE:0cxx_strong_enums
    Feature record: CXX_FEATURE:1cxx_template_template_parameters
    Feature record: CXX_FEATURE:0cxx_thread_local
    Feature record: CXX_FEATURE:0cxx_trailing_return_types
    Feature record: CXX_FEATURE:0cxx_unicode_literals
    Feature record: CXX_FEATURE:0cxx_uniform_initialization
    Feature record: CXX_FEATURE:0cxx_unrestricted_unions
    Feature record: CXX_FEATURE:0cxx_user_literals
    Feature record: CXX_FEATURE:0cxx_variable_templates
    Feature record: CXX_FEATURE:0cxx_variadic_macros
    Feature record: CXX_FEATURE:0cxx_variadic_templates
Determining if the include file pthread.h exists passed with the following output:
Change Dir: /home/mireq-utef/SNEMO/MiModule_v1.1.0/build/CMakeFiles/CMakeTmp

Run Build Command:"/usr/bin/gmake" "cmTC_679e9/fast"
/usr/bin/gmake -f CMakeFiles/cmTC_679e9.dir/build.make CMakeFiles/cmTC_679e9.dir/build
gmake[1]: Entering directory `/home/mireq-utef/SNEMO/MiModule_v1.1.0/build/CMakeFiles/CMakeTmp'
Building C object CMakeFiles/cmTC_679e9.dir/CheckIncludeFile.c.o
/opt/supernemo/bin/gcc-7   -Os -w -pipe -march=native    -o CMakeFiles/cmTC_679e9.dir/CheckIncludeFile.c.o   -c /home/mireq-utef/SNEMO/MiModule_v1.1.0/build/CMakeFiles/CMakeTmp/CheckIncludeFile.c
Linking C executable cmTC_679e9
/opt/supernemo/Cellar/cmake/3.13.4/bin/cmake -E cmake_link_script CMakeFiles/cmTC_679e9.dir/link.txt --verbose=1
/opt/supernemo/bin/gcc-7 -Os -w -pipe -march=native   -Wl,--dynamic-linker=/opt/supernemo/lib/ld.so -Wl,-rpath=/opt/supernemo/lib -L/opt/supernemo/lib  -rdynamic CMakeFiles/cmTC_679e9.dir/CheckIncludeFile.c.o  -o cmTC_679e9 
gmake[1]: Leaving directory `/home/mireq-utef/SNEMO/MiModule_v1.1.0/build/CMakeFiles/CMakeTmp'


Determining if the function pthread_create exists in the pthread passed with the following output:
Change Dir: /home/mireq-utef/SNEMO/MiModule_v1.1.0/build/CMakeFiles/CMakeTmp

Run Build Command:"/usr/bin/gmake" "cmTC_4b9bb/fast"
/usr/bin/gmake -f CMakeFiles/cmTC_4b9bb.dir/build.make CMakeFiles/cmTC_4b9bb.dir/build
gmake[1]: Entering directory `/home/mireq-utef/SNEMO/MiModule_v1.1.0/build/CMakeFiles/CMakeTmp'
Building C object CMakeFiles/cmTC_4b9bb.dir/CheckFunctionExists.c.o
/opt/supernemo/bin/gcc-7   -Os -w -pipe -march=native -DCHECK_FUNCTION_EXISTS=pthread_create   -o CMakeFiles/cmTC_4b9bb.dir/CheckFunctionExists.c.o   -c /opt/supernemo/Cellar/cmake/3.13.4/share/cmake/Modules/CheckFunctionExists.c
Linking C executable cmTC_4b9bb
/opt/supernemo/Cellar/cmake/3.13.4/bin/cmake -E cmake_link_script CMakeFiles/cmTC_4b9bb.dir/link.txt --verbose=1
/opt/supernemo/bin/gcc-7 -Os -w -pipe -march=native -DCHECK_FUNCTION_EXISTS=pthread_create  -Wl,--dynamic-linker=/opt/supernemo/lib/ld.so -Wl,-rpath=/opt/supernemo/lib -L/opt/supernemo/lib  -rdynamic CMakeFiles/cmTC_4b9bb.dir/CheckFunctionExists.c.o  -o cmTC_4b9bb -lpthread 
gmake[1]: Leaving directory `/home/mireq-utef/SNEMO/MiModule_v1.1.0/build/CMakeFiles/CMakeTmp'


