Determining if the pthread_create exist failed with the following output:
Change Dir: /home/mireq-utef/SNEMO/MiModule_v1.1.0/build/CMakeFiles/CMakeTmp

Run Build Command:"/usr/bin/gmake" "cmTC_3cd66/fast"
/usr/bin/gmake -f CMakeFiles/cmTC_3cd66.dir/build.make CMakeFiles/cmTC_3cd66.dir/build
gmake[1]: Entering directory `/home/mireq-utef/SNEMO/MiModule_v1.1.0/build/CMakeFiles/CMakeTmp'
Building C object CMakeFiles/cmTC_3cd66.dir/CheckSymbolExists.c.o
/opt/supernemo/bin/gcc-7   -Os -w -pipe -march=native    -o CMakeFiles/cmTC_3cd66.dir/CheckSymbolExists.c.o   -c /home/mireq-utef/SNEMO/MiModule_v1.1.0/build/CMakeFiles/CMakeTmp/CheckSymbolExists.c
Linking C executable cmTC_3cd66
/opt/supernemo/Cellar/cmake/3.13.4/bin/cmake -E cmake_link_script CMakeFiles/cmTC_3cd66.dir/link.txt --verbose=1
/opt/supernemo/bin/gcc-7 -Os -w -pipe -march=native   -Wl,--dynamic-linker=/opt/supernemo/lib/ld.so -Wl,-rpath=/opt/supernemo/lib -L/opt/supernemo/lib  -rdynamic CMakeFiles/cmTC_3cd66.dir/CheckSymbolExists.c.o  -o cmTC_3cd66 
CMakeFiles/cmTC_3cd66.dir/CheckSymbolExists.c.o: In function `main':
CheckSymbolExists.c:(.text.startup+0x6): undefined reference to `pthread_create'
collect2: error: ld returned 1 exit status
gmake[1]: *** [cmTC_3cd66] Error 1
gmake[1]: Leaving directory `/home/mireq-utef/SNEMO/MiModule_v1.1.0/build/CMakeFiles/CMakeTmp'
gmake: *** [cmTC_3cd66/fast] Error 2

File /home/mireq-utef/SNEMO/MiModule_v1.1.0/build/CMakeFiles/CMakeTmp/CheckSymbolExists.c:
/* */
#include <pthread.h>

int main(int argc, char** argv)
{
  (void)argv;
#ifndef pthread_create
  return ((int*)(&pthread_create))[argc];
#else
  (void)argc;
  return 0;
#endif
}

Determining if the function pthread_create exists in the pthreads failed with the following output:
Change Dir: /home/mireq-utef/SNEMO/MiModule_v1.1.0/build/CMakeFiles/CMakeTmp

Run Build Command:"/usr/bin/gmake" "cmTC_8e273/fast"
/usr/bin/gmake -f CMakeFiles/cmTC_8e273.dir/build.make CMakeFiles/cmTC_8e273.dir/build
gmake[1]: Entering directory `/home/mireq-utef/SNEMO/MiModule_v1.1.0/build/CMakeFiles/CMakeTmp'
Building C object CMakeFiles/cmTC_8e273.dir/CheckFunctionExists.c.o
/opt/supernemo/bin/gcc-7   -Os -w -pipe -march=native -DCHECK_FUNCTION_EXISTS=pthread_create   -o CMakeFiles/cmTC_8e273.dir/CheckFunctionExists.c.o   -c /opt/supernemo/Cellar/cmake/3.13.4/share/cmake/Modules/CheckFunctionExists.c
Linking C executable cmTC_8e273
/opt/supernemo/Cellar/cmake/3.13.4/bin/cmake -E cmake_link_script CMakeFiles/cmTC_8e273.dir/link.txt --verbose=1
/opt/supernemo/bin/gcc-7 -Os -w -pipe -march=native -DCHECK_FUNCTION_EXISTS=pthread_create  -Wl,--dynamic-linker=/opt/supernemo/lib/ld.so -Wl,-rpath=/opt/supernemo/lib -L/opt/supernemo/lib  -rdynamic CMakeFiles/cmTC_8e273.dir/CheckFunctionExists.c.o  -o cmTC_8e273 -lpthreads 
/usr/bin/ld: cannot find -lpthreads
collect2: error: ld returned 1 exit status
gmake[1]: *** [cmTC_8e273] Error 1
gmake[1]: Leaving directory `/home/mireq-utef/SNEMO/MiModule_v1.1.0/build/CMakeFiles/CMakeTmp'
gmake: *** [cmTC_8e273/fast] Error 2


